Using device: cuda
Total curated experiments: 15
[Instance 0] Running experiments indices 0 to 4
Loaded dataset 'backbone_pooled' with shape: (12241, 30)
Normalization: mean=-0.091014, std=0.001172

Experiment 1 with parameters: {'learning_rate': 1e-05, 'num_epochs': 25000, 'hidden_dim': 1024, 'model_type': 'mlp_v2', 'beta_start': 5e-06, 'beta_end': 0.02, 'scheduler': 'linear', 'diffusion_steps': 1200}
Epoch 700/25000, Loss: 0.174813
Epoch 750/25000, Loss: 0.174567
Epoch 800/25000, Loss: 0.174190
Epoch 850/25000, Loss: 0.176780
Epoch 900/25000, Loss: 0.169512
Epoch 950/25000, Loss: 0.175216
Epoch 1000/25000, Loss: 0.174331
Epoch 1050/25000, Loss: 0.174577
Epoch 1100/25000, Loss: 0.169164
Epoch 1150/25000, Loss: 0.168077
Epoch 1200/25000, Loss: 0.172159
Epoch 1250/25000, Loss: 0.170994
Epoch 1300/25000, Loss: 0.175993
Epoch 1350/25000, Loss: 0.170945
Epoch 1400/25000, Loss: 0.171406
Epoch 1450/25000, Loss: 0.168272
Epoch 1500/25000, Loss: 0.172342
Epoch 1550/25000, Loss: 0.173038
Epoch 1600/25000, Loss: 0.171035
Epoch 1650/25000, Loss: 0.176133
Epoch 1700/25000, Loss: 0.168174
Epoch 1750/25000, Loss: 0.169788
Epoch 1800/25000, Loss: 0.170147
Epoch 1850/25000, Loss: 0.173144
Epoch 1900/25000, Loss: 0.175972
Epoch 1950/25000, Loss: 0.173396
Epoch 2000/25000, Loss: 0.173885
Epoch 2050/25000, Loss: 0.170939
Epoch 2100/25000, Loss: 0.170673
Epoch 2150/25000, Loss: 0.168712
Epoch 2200/25000, Loss: 0.175302
Epoch 2250/25000, Loss: 0.167586
Epoch 2300/25000, Loss: 0.169997
Epoch 2350/25000, Loss: 0.167307
Epoch 2400/25000, Loss: 0.167870
Epoch 2450/25000, Loss: 0.168439
Epoch 2500/25000, Loss: 0.170439
Epoch 2550/25000, Loss: 0.169860
Epoch 2600/25000, Loss: 0.169356
Epoch 2650/25000, Loss: 0.170494
Epoch 2700/25000, Loss: 0.164274
Epoch 2750/25000, Loss: 0.169413
Epoch 2800/25000, Loss: 0.167232
Epoch 2850/25000, Loss: 0.172853
Epoch 2900/25000, Loss: 0.170230
Epoch 2950/25000, Loss: 0.171710
Epoch 3000/25000, Loss: 0.166731
Epoch 3050/25000, Loss: 0.170869
Epoch 3100/25000, Loss: 0.166740
Epoch 3150/25000, Loss: 0.172271
Epoch 3200/25000, Loss: 0.167691
Epoch 3250/25000, Loss: 0.164046
Epoch 3300/25000, Loss: 0.169207
Epoch 3350/25000, Loss: 0.165924
Epoch 3400/25000, Loss: 0.168720
Epoch 3450/25000, Loss: 0.169509
Epoch 3500/25000, Loss: 0.167042
Epoch 3550/25000, Loss: 0.161148
Epoch 3600/25000, Loss: 0.173010
Epoch 3650/25000, Loss: 0.168404
Epoch 3700/25000, Loss: 0.169115
Epoch 3750/25000, Loss: 0.166099
Epoch 3800/25000, Loss: 0.170370
Epoch 3850/25000, Loss: 0.162353
Epoch 3900/25000, Loss: 0.166722
Epoch 3950/25000, Loss: 0.165718
Epoch 4000/25000, Loss: 0.174165
Epoch 4050/25000, Loss: 0.171400
Epoch 4100/25000, Loss: 0.168935
Epoch 4150/25000, Loss: 0.167192
Epoch 4200/25000, Loss: 0.172191
Epoch 4250/25000, Loss: 0.168962
Epoch 4300/25000, Loss: 0.170424
Epoch 4350/25000, Loss: 0.170624
Epoch 4400/25000, Loss: 0.166655
Epoch 4450/25000, Loss: 0.164738
Epoch 4500/25000, Loss: 0.167878
Epoch 4550/25000, Loss: 0.165949
Epoch 4600/25000, Loss: 0.170661
Epoch 4650/25000, Loss: 0.166973
Epoch 4700/25000, Loss: 0.158066
Epoch 4750/25000, Loss: 0.167365
Epoch 4800/25000, Loss: 0.167881
Epoch 4850/25000, Loss: 0.163765
Epoch 4900/25000, Loss: 0.166639
Epoch 4950/25000, Loss: 0.168776
Epoch 5000/25000, Loss: 0.166295
Epoch 5050/25000, Loss: 0.167719
Epoch 5100/25000, Loss: 0.168734
Epoch 5150/25000, Loss: 0.164187
Epoch 5200/25000, Loss: 0.164289
Epoch 5250/25000, Loss: 0.169342
Epoch 5300/25000, Loss: 0.168656
Epoch 5350/25000, Loss: 0.167724
Epoch 5400/25000, Loss: 0.163620
Epoch 5450/25000, Loss: 0.167307
Epoch 5500/25000, Loss: 0.168170
Epoch 5550/25000, Loss: 0.167592
Epoch 5600/25000, Loss: 0.167770
Epoch 5650/25000, Loss: 0.168747
Epoch 5700/25000, Loss: 0.163986
Epoch 5750/25000, Loss: 0.166235
Epoch 5800/25000, Loss: 0.170090
Epoch 5850/25000, Loss: 0.169844
Epoch 5900/25000, Loss: 0.167000
Epoch 5950/25000, Loss: 0.166444
Epoch 6000/25000, Loss: 0.167892
Epoch 6050/25000, Loss: 0.164199
Epoch 6100/25000, Loss: 0.168386
Epoch 6150/25000, Loss: 0.163533
Epoch 6200/25000, Loss: 0.166058
Epoch 6250/25000, Loss: 0.166821
Epoch 6300/25000, Loss: 0.166039
Epoch 6350/25000, Loss: 0.165985
Epoch 6400/25000, Loss: 0.164241
Epoch 6450/25000, Loss: 0.166504
Epoch 6500/25000, Loss: 0.166127
Epoch 6550/25000, Loss: 0.164703
Epoch 6600/25000, Loss: 0.165100
Epoch 6650/25000, Loss: 0.169972
Epoch 6700/25000, Loss: 0.169046
Epoch 6750/25000, Loss: 0.164985
Epoch 6800/25000, Loss: 0.169569
Epoch 6850/25000, Loss: 0.169063
Epoch 6900/25000, Loss: 0.161935
Epoch 6950/25000, Loss: 0.165791
Epoch 7000/25000, Loss: 0.166427
Epoch 7050/25000, Loss: 0.169167
Epoch 7100/25000, Loss: 0.164337
Epoch 7150/25000, Loss: 0.163985
Epoch 7200/25000, Loss: 0.168157
Epoch 7250/25000, Loss: 0.171638
Epoch 7300/25000, Loss: 0.166476
Epoch 7350/25000, Loss: 0.162668
Epoch 7400/25000, Loss: 0.165660
Epoch 7450/25000, Loss: 0.164682
Epoch 7500/25000, Loss: 0.170215
Epoch 7550/25000, Loss: 0.169154
Epoch 7600/25000, Loss: 0.162396
Epoch 7650/25000, Loss: 0.162283
Epoch 7700/25000, Loss: 0.169907
Epoch 7750/25000, Loss: 0.169832
Epoch 7800/25000, Loss: 0.166287
Epoch 7850/25000, Loss: 0.167650
Epoch 7900/25000, Loss: 0.163360
Epoch 7950/25000, Loss: 0.162674
Epoch 8000/25000, Loss: 0.169669
Epoch 8050/25000, Loss: 0.164319
Epoch 8100/25000, Loss: 0.158732
Epoch 8150/25000, Loss: 0.165986
Epoch 8200/25000, Loss: 0.158458
Epoch 8250/25000, Loss: 0.167444
Epoch 8300/25000, Loss: 0.167060
Epoch 8350/25000, Loss: 0.165184
Epoch 8400/25000, Loss: 0.167993
Epoch 8450/25000, Loss: 0.164616
Epoch 8500/25000, Loss: 0.169036
Epoch 8550/25000, Loss: 0.167388
Epoch 8600/25000, Loss: 0.163260
Epoch 8650/25000, Loss: 0.168834
Epoch 8700/25000, Loss: 0.162609
Epoch 8750/25000, Loss: 0.160991
Epoch 8800/25000, Loss: 0.168962
Epoch 8850/25000, Loss: 0.164355
Epoch 8900/25000, Loss: 0.165707
Epoch 8950/25000, Loss: 0.159851
Epoch 9000/25000, Loss: 0.163026
Epoch 9050/25000, Loss: 0.169835
Epoch 9100/25000, Loss: 0.163415
Epoch 9150/25000, Loss: 0.163748
Epoch 9200/25000, Loss: 0.166666
Epoch 9250/25000, Loss: 0.161979
Epoch 9300/25000, Loss: 0.166241
Epoch 9350/25000, Loss: 0.169389
Epoch 9400/25000, Loss: 0.161465
Epoch 9450/25000, Loss: 0.161030
Epoch 9500/25000, Loss: 0.162673
Epoch 9550/25000, Loss: 0.166815
Epoch 9600/25000, Loss: 0.161110
Epoch 9650/25000, Loss: 0.162052
Epoch 9700/25000, Loss: 0.163478
Epoch 9750/25000, Loss: 0.168049
Epoch 9800/25000, Loss: 0.169627
Epoch 9850/25000, Loss: 0.167808
Epoch 9900/25000, Loss: 0.162079
Epoch 9950/25000, Loss: 0.169668
Epoch 10000/25000, Loss: 0.163478
Epoch 10050/25000, Loss: 0.165378
Epoch 10100/25000, Loss: 0.167871
Epoch 10150/25000, Loss: 0.161353
Epoch 10200/25000, Loss: 0.163608
Epoch 10250/25000, Loss: 0.165511
Epoch 10300/25000, Loss: 0.164321
Epoch 10350/25000, Loss: 0.159408
Epoch 10400/25000, Loss: 0.164744
Epoch 10450/25000, Loss: 0.165582
Epoch 10500/25000, Loss: 0.164402
Epoch 10550/25000, Loss: 0.165476
Epoch 10600/25000, Loss: 0.163830
Epoch 10650/25000, Loss: 0.165310
Epoch 10700/25000, Loss: 0.166698
Epoch 10750/25000, Loss: 0.161612
Epoch 10800/25000, Loss: 0.162717
Epoch 10850/25000, Loss: 0.161820
Epoch 10900/25000, Loss: 0.160524
Epoch 10950/25000, Loss: 0.164344
Epoch 11000/25000, Loss: 0.160975
Epoch 11050/25000, Loss: 0.162151
Epoch 11100/25000, Loss: 0.163312
Epoch 11150/25000, Loss: 0.163456
Epoch 11200/25000, Loss: 0.160187
Epoch 11250/25000, Loss: 0.163949
Epoch 11300/25000, Loss: 0.161343
Epoch 11350/25000, Loss: 0.162977
Epoch 11400/25000, Loss: 0.162084
Epoch 11450/25000, Loss: 0.160013
Epoch 11500/25000, Loss: 0.163121
Epoch 11550/25000, Loss: 0.163211
Epoch 11600/25000, Loss: 0.157297
Epoch 11650/25000, Loss: 0.165720
Epoch 11700/25000, Loss: 0.164205
Epoch 11750/25000, Loss: 0.167802
Epoch 11800/25000, Loss: 0.161864
Epoch 11850/25000, Loss: 0.168170
Epoch 11900/25000, Loss: 0.166171
Epoch 11950/25000, Loss: 0.165248
Epoch 12000/25000, Loss: 0.164481
Epoch 12050/25000, Loss: 0.163423
Epoch 12100/25000, Loss: 0.160374
Epoch 12150/25000, Loss: 0.164124
Epoch 12200/25000, Loss: 0.162779
Epoch 12250/25000, Loss: 0.160581
Epoch 12300/25000, Loss: 0.164117
Epoch 12350/25000, Loss: 0.164866
Epoch 12400/25000, Loss: 0.159712
Epoch 12450/25000, Loss: 0.167809
Epoch 12500/25000, Loss: 0.160153
Epoch 12550/25000, Loss: 0.165343
Epoch 12600/25000, Loss: 0.165666
Epoch 12650/25000, Loss: 0.161244
Epoch 12700/25000, Loss: 0.168048
Epoch 12750/25000, Loss: 0.160250
Epoch 12800/25000, Loss: 0.161147
Epoch 12850/25000, Loss: 0.161877
Epoch 12900/25000, Loss: 0.164699
Epoch 12950/25000, Loss: 0.159882
Epoch 13000/25000, Loss: 0.160996
Epoch 13050/25000, Loss: 0.166734
Epoch 13100/25000, Loss: 0.170448
Epoch 13150/25000, Loss: 0.161814
Epoch 13200/25000, Loss: 0.167060
Epoch 13250/25000, Loss: 0.163280
Epoch 13300/25000, Loss: 0.167185
Epoch 13350/25000, Loss: 0.164722
Epoch 13400/25000, Loss: 0.166864
Epoch 13450/25000, Loss: 0.166164
Epoch 13500/25000, Loss: 0.163559
Epoch 13550/25000, Loss: 0.163102
Epoch 13600/25000, Loss: 0.163269
Epoch 13650/25000, Loss: 0.166839
Epoch 13700/25000, Loss: 0.164842
Epoch 13750/25000, Loss: 0.164677
Epoch 13800/25000, Loss: 0.167448
Epoch 13850/25000, Loss: 0.164222
Epoch 13900/25000, Loss: 0.163088
Epoch 13950/25000, Loss: 0.164905
Epoch 14000/25000, Loss: 0.164217
Epoch 14050/25000, Loss: 0.166384
Epoch 14100/25000, Loss: 0.160310
Epoch 14150/25000, Loss: 0.161593
Epoch 14200/25000, Loss: 0.161872
Epoch 14250/25000, Loss: 0.158650
Epoch 14300/25000, Loss: 0.161040
Epoch 14350/25000, Loss: 0.161459
Epoch 14400/25000, Loss: 0.159625
Epoch 14450/25000, Loss: 0.162450
Epoch 14500/25000, Loss: 0.159823
Epoch 14550/25000, Loss: 0.164555
Epoch 14600/25000, Loss: 0.167225
Epoch 14650/25000, Loss: 0.163957
Epoch 14700/25000, Loss: 0.164448
Epoch 14750/25000, Loss: 0.162311
Epoch 14800/25000, Loss: 0.159364
Epoch 14850/25000, Loss: 0.164209
Epoch 14900/25000, Loss: 0.162746
Epoch 14950/25000, Loss: 0.160995
Epoch 15000/25000, Loss: 0.163239
Epoch 15050/25000, Loss: 0.164117
Epoch 15100/25000, Loss: 0.164942
Epoch 15150/25000, Loss: 0.164595
Epoch 15200/25000, Loss: 0.162436
Epoch 15250/25000, Loss: 0.159226
Epoch 15300/25000, Loss: 0.163016
Epoch 15350/25000, Loss: 0.158654
Epoch 15400/25000, Loss: 0.160368
Epoch 15450/25000, Loss: 0.164311
Epoch 15500/25000, Loss: 0.166747
Epoch 15550/25000, Loss: 0.160921
Epoch 15600/25000, Loss: 0.162425
Epoch 15650/25000, Loss: 0.160341
Epoch 15700/25000, Loss: 0.158998
Epoch 15750/25000, Loss: 0.159526
Epoch 15800/25000, Loss: 0.164207
Epoch 15850/25000, Loss: 0.157488
Epoch 15900/25000, Loss: 0.161191
Epoch 15950/25000, Loss: 0.159554
Epoch 16000/25000, Loss: 0.161536
Epoch 16050/25000, Loss: 0.160291
Epoch 16100/25000, Loss: 0.165404
Epoch 16150/25000, Loss: 0.164960
Epoch 16200/25000, Loss: 0.161900
Epoch 16250/25000, Loss: 0.165138
Epoch 16300/25000, Loss: 0.162651
Epoch 16350/25000, Loss: 0.156901
Epoch 16400/25000, Loss: 0.161713
Epoch 16450/25000, Loss: 0.165107
Epoch 16500/25000, Loss: 0.161935
Epoch 16550/25000, Loss: 0.162653
Epoch 16600/25000, Loss: 0.158067
Epoch 16650/25000, Loss: 0.161045
Epoch 16700/25000, Loss: 0.163597
Epoch 16750/25000, Loss: 0.163738
Epoch 16800/25000, Loss: 0.163828
Epoch 16850/25000, Loss: 0.160711
Epoch 16900/25000, Loss: 0.163207
Epoch 16950/25000, Loss: 0.158570
Epoch 17000/25000, Loss: 0.156999
Epoch 17050/25000, Loss: 0.157661
Epoch 17100/25000, Loss: 0.164465
Epoch 17150/25000, Loss: 0.158372
Epoch 17200/25000, Loss: 0.160078
Epoch 17250/25000, Loss: 0.163750
Epoch 17300/25000, Loss: 0.162491
Epoch 17350/25000, Loss: 0.161821
Epoch 17400/25000, Loss: 0.159118
Epoch 17450/25000, Loss: 0.156400
Epoch 17500/25000, Loss: 0.163369
Epoch 17550/25000, Loss: 0.164581
Epoch 17600/25000, Loss: 0.162876
Epoch 17650/25000, Loss: 0.160416
Epoch 17700/25000, Loss: 0.161739
Epoch 17750/25000, Loss: 0.163501
Epoch 17800/25000, Loss: 0.159611
Epoch 17850/25000, Loss: 0.160310
Epoch 17900/25000, Loss: 0.162674
Epoch 17950/25000, Loss: 0.157576
Epoch 18000/25000, Loss: 0.160451
Epoch 18050/25000, Loss: 0.162492
Epoch 18100/25000, Loss: 0.157829
Epoch 18150/25000, Loss: 0.158317
Epoch 18200/25000, Loss: 0.160828
Epoch 18250/25000, Loss: 0.160100
Epoch 18300/25000, Loss: 0.159179
Epoch 18350/25000, Loss: 0.157451
Epoch 18400/25000, Loss: 0.157155
Epoch 18450/25000, Loss: 0.157533
Epoch 18500/25000, Loss: 0.159155
Epoch 18550/25000, Loss: 0.162982
Epoch 18600/25000, Loss: 0.157761
Epoch 18650/25000, Loss: 0.157202
Epoch 18700/25000, Loss: 0.159163
Epoch 18750/25000, Loss: 0.164180
Epoch 18800/25000, Loss: 0.160908
Epoch 18850/25000, Loss: 0.162293
Epoch 18900/25000, Loss: 0.159609
Epoch 18950/25000, Loss: 0.160115
Epoch 19000/25000, Loss: 0.163164
Epoch 19050/25000, Loss: 0.162591
Epoch 19100/25000, Loss: 0.160502
Epoch 19150/25000, Loss: 0.160418
Epoch 19200/25000, Loss: 0.159091
Epoch 19250/25000, Loss: 0.159858
Epoch 19300/25000, Loss: 0.160295
Epoch 19350/25000, Loss: 0.158068
Epoch 19400/25000, Loss: 0.158795
Epoch 19450/25000, Loss: 0.161478
Epoch 19500/25000, Loss: 0.160425
Epoch 19550/25000, Loss: 0.158118
Epoch 19600/25000, Loss: 0.160152
Epoch 19650/25000, Loss: 0.158395
Epoch 19700/25000, Loss: 0.157684
Epoch 19750/25000, Loss: 0.161193
Epoch 19800/25000, Loss: 0.155043
Epoch 19850/25000, Loss: 0.156418
Epoch 19900/25000, Loss: 0.157421
Epoch 19950/25000, Loss: 0.160579
Epoch 20000/25000, Loss: 0.161671
Epoch 20050/25000, Loss: 0.157439
Epoch 20100/25000, Loss: 0.158920
Epoch 20150/25000, Loss: 0.162154
Epoch 20200/25000, Loss: 0.158776
Epoch 20250/25000, Loss: 0.163469
Epoch 20300/25000, Loss: 0.155546
Epoch 20350/25000, Loss: 0.159855
Epoch 20400/25000, Loss: 0.158890
Epoch 20450/25000, Loss: 0.157676
Epoch 20500/25000, Loss: 0.159376
Epoch 20550/25000, Loss: 0.160868
Epoch 20600/25000, Loss: 0.161014
Epoch 20650/25000, Loss: 0.160135
Epoch 20700/25000, Loss: 0.154341
Epoch 20750/25000, Loss: 0.157135
Epoch 20800/25000, Loss: 0.160044
Epoch 20850/25000, Loss: 0.156489
Epoch 20900/25000, Loss: 0.158828
Epoch 20950/25000, Loss: 0.163238
Epoch 21000/25000, Loss: 0.159854
Epoch 21050/25000, Loss: 0.156357
Epoch 21100/25000, Loss: 0.158200
Epoch 21150/25000, Loss: 0.159466
Epoch 21200/25000, Loss: 0.156283
Epoch 21250/25000, Loss: 0.158918
Epoch 21300/25000, Loss: 0.158473
Epoch 21350/25000, Loss: 0.158292
Epoch 21400/25000, Loss: 0.158566
Epoch 21450/25000, Loss: 0.163209
Epoch 21500/25000, Loss: 0.156343
Epoch 21550/25000, Loss: 0.159462
Epoch 21600/25000, Loss: 0.161035
Epoch 21650/25000, Loss: 0.157502
Epoch 21700/25000, Loss: 0.158160
Epoch 21750/25000, Loss: 0.155867
Epoch 21800/25000, Loss: 0.157716
Epoch 21850/25000, Loss: 0.153817
Epoch 21900/25000, Loss: 0.159949
Epoch 21950/25000, Loss: 0.160647
Epoch 22000/25000, Loss: 0.154688
Epoch 22050/25000, Loss: 0.156864
Epoch 22100/25000, Loss: 0.161043
Epoch 22150/25000, Loss: 0.153995
Epoch 22200/25000, Loss: 0.154557
Epoch 22250/25000, Loss: 0.160660
Epoch 22300/25000, Loss: 0.158743
Epoch 22350/25000, Loss: 0.157602
Epoch 22400/25000, Loss: 0.152833
Epoch 22450/25000, Loss: 0.161127
Epoch 22500/25000, Loss: 0.157291
Epoch 22550/25000, Loss: 0.155912
Epoch 22600/25000, Loss: 0.150856
Epoch 22650/25000, Loss: 0.155769
Epoch 22700/25000, Loss: 0.160390
Epoch 22750/25000, Loss: 0.155254
Epoch 22800/25000, Loss: 0.154175
Epoch 22850/25000, Loss: 0.157819
Epoch 22900/25000, Loss: 0.157336
Epoch 22950/25000, Loss: 0.153874
Epoch 23000/25000, Loss: 0.156151
Epoch 23050/25000, Loss: 0.158252
Epoch 23100/25000, Loss: 0.162438
Epoch 23150/25000, Loss: 0.154941
Epoch 23200/25000, Loss: 0.155702
Epoch 23250/25000, Loss: 0.158483
Epoch 23300/25000, Loss: 0.161566
Epoch 23350/25000, Loss: 0.153210
Epoch 23400/25000, Loss: 0.156032
Epoch 23450/25000, Loss: 0.152667
Epoch 23500/25000, Loss: 0.155184
Epoch 23550/25000, Loss: 0.153388
Epoch 23600/25000, Loss: 0.154824
Epoch 23650/25000, Loss: 0.153578
Epoch 23700/25000, Loss: 0.160621
Epoch 23750/25000, Loss: 0.158902
Epoch 23800/25000, Loss: 0.158180
Epoch 23850/25000, Loss: 0.165137
Epoch 23900/25000, Loss: 0.156351
Epoch 23950/25000, Loss: 0.157126
Epoch 24000/25000, Loss: 0.161021
Traceback (most recent call last):
  File "/nfs_home/hariri/Allostery/Allos2025/SimpleSeq/Aditya/new_diff.py", line 404, in <module>
    final_loss = train_diffusion_model(net, dataloader, optimizer_instance, local_num_epochs, ckpt_path)
  File "/nfs_home/hariri/Allostery/Allos2025/SimpleSeq/Aditya/new_diff.py", line 333, in train_diffusion_model
    torch.save(ckpt_state, checkpoint_path)
  File "/nfs_home/hariri/miniconda3/envs/grop/lib/python3.10/site-packages/torch/serialization.py", line 440, in save
    with _open_zipfile_writer(f) as opened_zipfile:
  File "/nfs_home/hariri/miniconda3/envs/grop/lib/python3.10/site-packages/torch/serialization.py", line 315, in _open_zipfile_writer
    return container(name_or_buffer)
  File "/nfs_home/hariri/miniconda3/envs/grop/lib/python3.10/site-packages/torch/serialization.py", line 288, in __init__
    super().__init__(torch._C.PyTorchFileWriter(str(name)))
RuntimeError: Parent directory latent_reps/diff_out/checkpoints does not exist.
